build/app/intermediates/manifest_merge_blame_file/debug/manifest-merger-blame-debug-report.txt
1<?xml version="1.0" encoding="utf-8"?>
2<manifest xmlns:android="http://schemas.android.com/apk/res/android"
3    package="com.coaxn.posterselltest"
4    android:versionCode="1"
5    android:versionName="1.0.0" >
6
7    <uses-sdk
8        android:minSdkVersion="16"
9        android:targetSdkVersion="28" />
10    <!--
11         Flutter needs it to communicate with the running application
12         to allow setting breakpoints, to provide hot reload, etc.
13    -->
14    <uses-permission android:name="android.permission.INTERNET" />
14-->src/debug/AndroidManifest.xml:6:5-66
14-->src/debug/AndroidManifest.xml:6:22-64
15    <uses-permission android:name="android.permission.CAMERA" /> <!-- Although the *SdkVersion is captured in gradle build files, this is required for non gradle builds -->
15-->src/main/AndroidManifest.xml:4:5-65
15-->src/main/AndroidManifest.xml:4:22-62
16    <!-- <uses-sdk android:minSdkVersion="14" /> -->
17    <uses-permission android:name="android.permission.ACCESS_NETWORK_STATE" />
17-->[com.google.firebase:firebase-firestore:21.3.0] AndroidManifest.xml:13:5-79
17-->[com.google.firebase:firebase-firestore:21.3.0] AndroidManifest.xml:13:22-76
18
19    <application
19-->src/main/AndroidManifest.xml:5:5-35:19
20        android:name="io.flutter.app.FlutterApplication"
20-->src/main/AndroidManifest.xml:6:9-57
21        android:appComponentFactory="androidx.core.app.CoreComponentFactory"
21-->[androidx.core:core:1.1.0] AndroidManifest.xml:24:18-86
22        android:debuggable="true"
23        android:icon="@mipmap/ic_launcher"
23-->src/main/AndroidManifest.xml:8:9-43
24        android:label="Poster Sell" >
24-->src/main/AndroidManifest.xml:7:9-36
25        <activity android:name="com.apptreesoftware.barcodescan.BarcodeScannerActivity" />
25-->src/main/AndroidManifest.xml:10:9-90
25-->src/main/AndroidManifest.xml:10:19-88
26        <activity
26-->src/main/AndroidManifest.xml:12:9-29:20
27            android:name="com.coaxn.posterselltest.MainActivity"
27-->src/main/AndroidManifest.xml:13:13-41
28            android:configChanges="orientation|keyboardHidden|keyboard|screenSize|smallestScreenSize|locale|layoutDirection|fontScale|screenLayout|density|uiMode"
28-->src/main/AndroidManifest.xml:16:13-163
29            android:hardwareAccelerated="true"
29-->src/main/AndroidManifest.xml:17:13-47
30            android:launchMode="singleTop"
30-->src/main/AndroidManifest.xml:14:13-43
31            android:theme="@style/LaunchTheme"
31-->src/main/AndroidManifest.xml:15:13-47
32            android:windowSoftInputMode="adjustResize" >
32-->src/main/AndroidManifest.xml:18:13-55
33            <meta-data
33-->src/main/AndroidManifest.xml:20:13-23:17
34                android:name="io.flutter.embedding.android.NormalTheme"
34-->src/main/AndroidManifest.xml:21:15-70
35                android:resource="@style/NormalTheme" />
35-->src/main/AndroidManifest.xml:22:15-52
36
37            <intent-filter>
37-->src/main/AndroidManifest.xml:25:13-28:29
38                <action android:name="android.intent.action.MAIN" />
38-->src/main/AndroidManifest.xml:26:17-68
38-->src/main/AndroidManifest.xml:26:25-66
39
40                <category android:name="android.intent.category.LAUNCHER" />
40-->src/main/AndroidManifest.xml:27:17-76
40-->src/main/AndroidManifest.xml:27:27-74
41            </intent-filter>
42        </activity>
43        <!--
44             Don't delete the meta-data below.
45             This is used by the Flutter tool to generate GeneratedPluginRegistrant.java
46        -->
47        <meta-data
47-->src/main/AndroidManifest.xml:32:9-34:33
48            android:name="flutterEmbedding"
48-->src/main/AndroidManifest.xml:33:13-44
49            android:value="2" />
49-->src/main/AndroidManifest.xml:34:13-30
50
51        <service
51-->[:cloud_firestore] AndroidManifest.xml:8:9-12:19
52            android:name="com.google.firebase.components.ComponentDiscoveryService"
52-->[:cloud_firestore] AndroidManifest.xml:8:18-89
53            android:directBootAware="true"
53-->[com.google.firebase:firebase-common:19.3.0] AndroidManifest.xml:34:13-43
54            android:exported="false" >
54-->[com.google.firebase:firebase-firestore:21.3.0] AndroidManifest.xml:19:13-37
55            <meta-data
55-->[:cloud_firestore] AndroidManifest.xml:9:13-11:85
56                android:name="com.google.firebase.components:io.flutter.plugins.firebase.cloudfirestore.FlutterFirebaseAppRegistrar"
56-->[:cloud_firestore] AndroidManifest.xml:10:17-133
57                android:value="com.google.firebase.components.ComponentRegistrar" />
57-->[:cloud_firestore] AndroidManifest.xml:11:17-82
58            <meta-data
58-->[:firebase_auth] AndroidManifest.xml:9:13-11:85
59                android:name="com.google.firebase.components:io.flutter.plugins.firebaseauth.FlutterFirebaseAppRegistrar"
59-->[:firebase_auth] AndroidManifest.xml:10:17-122
60                android:value="com.google.firebase.components.ComponentRegistrar" />
60-->[:firebase_auth] AndroidManifest.xml:11:17-82
61            <meta-data
61-->[:firebase_storage] AndroidManifest.xml:9:13-11:85
62                android:name="com.google.firebase.components:io.flutter.plugins.firebase.storage.FlutterFirebaseAppRegistrar"
62-->[:firebase_storage] AndroidManifest.xml:10:17-126
63                android:value="com.google.firebase.components.ComponentRegistrar" />
63-->[:firebase_storage] AndroidManifest.xml:11:17-82
64            <meta-data
64-->[:firebase_core] AndroidManifest.xml:9:13-11:85
65                android:name="com.google.firebase.components:io.flutter.plugins.firebase.core.FlutterFirebaseAppRegistrar"
65-->[:firebase_core] AndroidManifest.xml:10:17-123
66                android:value="com.google.firebase.components.ComponentRegistrar" />
66-->[:firebase_core] AndroidManifest.xml:11:17-82
67            <meta-data
67-->[com.google.firebase:firebase-firestore:21.3.0] AndroidManifest.xml:20:13-22:85
68                android:name="com.google.firebase.components:com.google.firebase.firestore.FirestoreRegistrar"
68-->[com.google.firebase:firebase-firestore:21.3.0] AndroidManifest.xml:21:17-111
69                android:value="com.google.firebase.components.ComponentRegistrar" />
69-->[com.google.firebase:firebase-firestore:21.3.0] AndroidManifest.xml:22:17-82
70            <meta-data
70-->[com.google.firebase:firebase-auth:19.2.0] AndroidManifest.xml:36:13-38:85
71                android:name="com.google.firebase.components:com.google.firebase.auth.FirebaseAuthRegistrar"
71-->[com.google.firebase:firebase-auth:19.2.0] AndroidManifest.xml:37:17-109
72                android:value="com.google.firebase.components.ComponentRegistrar" />
72-->[com.google.firebase:firebase-auth:19.2.0] AndroidManifest.xml:38:17-82
73            <meta-data
73-->[com.google.firebase:firebase-storage:17.0.0] AndroidManifest.xml:31:13-33:85
74                android:name="com.google.firebase.components:com.google.firebase.storage.StorageRegistrar"
74-->[com.google.firebase:firebase-storage:17.0.0] AndroidManifest.xml:32:17-107
75                android:value="com.google.firebase.components.ComponentRegistrar" />
75-->[com.google.firebase:firebase-storage:17.0.0] AndroidManifest.xml:33:17-82
76        </service>
77
78        <activity
78-->[:url_launcher] AndroidManifest.xml:8:9-11:74
79            android:name="io.flutter.plugins.urllauncher.WebViewActivity"
79-->[:url_launcher] AndroidManifest.xml:9:13-74
80            android:exported="false"
80-->[:url_launcher] AndroidManifest.xml:10:13-37
81            android:theme="@android:style/Theme.NoTitleBar.Fullscreen" />
81-->[:url_launcher] AndroidManifest.xml:11:13-71
82        <activity
82-->[com.google.firebase:firebase-auth:19.2.0] AndroidManifest.xml:24:9-31:50
83            android:name="com.google.firebase.auth.internal.FederatedSignInActivity"
83-->[com.google.firebase:firebase-auth:19.2.0] AndroidManifest.xml:25:13-85
84            android:excludeFromRecents="true"
84-->[com.google.firebase:firebase-auth:19.2.0] AndroidManifest.xml:26:13-46
85            android:exported="true"
85-->[com.google.firebase:firebase-auth:19.2.0] AndroidManifest.xml:27:13-36
86            android:launchMode="singleTask"
86-->[com.google.firebase:firebase-auth:19.2.0] AndroidManifest.xml:28:13-44
87            android:permission="com.google.firebase.auth.api.gms.permission.LAUNCH_FEDERATED_SIGN_IN"
87-->[com.google.firebase:firebase-auth:19.2.0] AndroidManifest.xml:29:13-102
88            android:theme="@android:style/Theme.Translucent.NoTitleBar" />
88-->[com.google.firebase:firebase-auth:19.2.0] AndroidManifest.xml:30:13-72
89
90        <provider
90-->[com.google.firebase:firebase-common:19.3.0] AndroidManifest.xml:26:9-30:39
91            android:name="com.google.firebase.provider.FirebaseInitProvider"
91-->[com.google.firebase:firebase-common:19.3.0] AndroidManifest.xml:27:13-77
92            android:authorities="com.coaxn.posterselltest.firebaseinitprovider"
92-->[com.google.firebase:firebase-common:19.3.0] AndroidManifest.xml:28:13-72
93            android:exported="false"
93-->[com.google.firebase:firebase-common:19.3.0] AndroidManifest.xml:29:13-37
94            android:initOrder="100" />
94-->[com.google.firebase:firebase-common:19.3.0] AndroidManifest.xml:30:13-36
95
96        <activity
96-->[com.google.android.gms:play-services-auth:16.0.1] AndroidManifest.xml:23:9-27:75
97            android:name="com.google.android.gms.auth.api.signin.internal.SignInHubActivity"
97-->[com.google.android.gms:play-services-auth:16.0.1] AndroidManifest.xml:24:13-93
98            android:excludeFromRecents="true"
98-->[com.google.android.gms:play-services-auth:16.0.1] AndroidManifest.xml:25:13-46
99            android:exported="false"
99-->[com.google.android.gms:play-services-auth:16.0.1] AndroidManifest.xml:26:13-37
100            android:theme="@android:style/Theme.Translucent.NoTitleBar" />
100-->[com.google.android.gms:play-services-auth:16.0.1] AndroidManifest.xml:27:13-72
101        <!--
102            Service handling Google Sign-In user revocation. For apps that do not integrate with
103            Google Sign-In, this service will never be started.
104        -->
105        <service
105-->[com.google.android.gms:play-services-auth:16.0.1] AndroidManifest.xml:33:9-36:110
106            android:name="com.google.android.gms.auth.api.signin.RevocationBoundService"
106-->[com.google.android.gms:play-services-auth:16.0.1] AndroidManifest.xml:34:13-89
107            android:exported="true"
107-->[com.google.android.gms:play-services-auth:16.0.1] AndroidManifest.xml:35:13-36
108            android:permission="com.google.android.gms.auth.api.signin.permission.REVOCATION_NOTIFICATION" />
108-->[com.google.android.gms:play-services-auth:16.0.1] AndroidManifest.xml:36:13-107
109
110        <activity
110-->[com.google.android.gms:play-services-base:17.1.0] AndroidManifest.xml:23:9-26:75
111            android:name="com.google.android.gms.common.api.GoogleApiActivity"
111-->[com.google.android.gms:play-services-base:17.1.0] AndroidManifest.xml:24:13-79
112            android:exported="false"
112-->[com.google.android.gms:play-services-base:17.1.0] AndroidManifest.xml:25:13-37
113            android:theme="@android:style/Theme.Translucent.NoTitleBar" />
113-->[com.google.android.gms:play-services-base:17.1.0] AndroidManifest.xml:26:13-72
114
115        <meta-data
115-->[com.google.android.gms:play-services-basement:17.0.0] AndroidManifest.xml:23:9-25:69
116            android:name="com.google.android.gms.version"
116-->[com.google.android.gms:play-services-basement:17.0.0] AndroidManifest.xml:24:13-58
117            android:value="@integer/google_play_services_version" />
117-->[com.google.android.gms:play-services-basement:17.0.0] AndroidManifest.xml:25:13-66
118    </application>
119
120</manifest>